Arguments: 
  /home/lucaasfodex/.asdf/installs/nodejs/15.2.1/bin/node /usr/share/yarn/bin/yarn.js add vcv-parse

PATH: 
  /home/lucaasfodex/.asdf/installs/nodejs/15.2.1/bin:/home/lucaasfodex/.asdf/installs/nodejs/15.2.1/.npm/bin:/home/lucaasfodex/.asdf/shims:/home/lucaasfodex/.asdf/bin:/usr/local/bin:/usr/local/sbin:/usr/sbin:/usr/bin:/sbin:/bin:/usr/games:/usr/local/games:/snap/bin:/home/lucaasfodex/android-studio/bin:/home/lucaasfodex/Android/Sdk/emulator:/home/lucaasfodex/Android/Sdk/tools:/home/lucaasfodex/Android/Sdk/tools/bin:/home/lucaasfodex/Android/Sdk/platform-tools:/home/lucaasfodex/.yadr/bin:/home/lucaasfodex/.yadr/bin/yadr:/home/lucaasfodex/.asdf/installs/nodejs/15.2.1/.npm/bin:/home/lucaasfodex/.asdf/installs/nodejs/15.2.1/.npm/bin

Yarn version: 
  1.22.5

Node version: 
  15.2.1

Platform: 
  linux x64

Trace: 
  Error: https://registry.yarnpkg.com/vcv-parse: Not found
      at Request.params.callback [as _callback] (/usr/share/yarn/lib/cli.js:66988:18)
      at Request.self.callback (/usr/share/yarn/lib/cli.js:140749:22)
      at Request.emit (node:events:329:20)
      at Request.<anonymous> (/usr/share/yarn/lib/cli.js:141721:10)
      at Request.emit (node:events:329:20)
      at IncomingMessage.<anonymous> (/usr/share/yarn/lib/cli.js:141643:12)
      at Object.onceWrapper (node:events:435:28)
      at IncomingMessage.emit (node:events:341:22)
      at endReadableNT (node:internal/streams/readable:1294:12)
      at processTicksAndRejections (node:internal/process/task_queues:80:21)

npm manifest: 
  {
    "name": "DesafioTaxi",
    "version": "1.0.0",
    "main": "index.js",
    "license": "MIT"
  }

yarn manifest: 
  No manifest

Lockfile: 
  No lockfile
